2025-01-06T12:08:36.762559+0300 DEBUG ====== Бот запускается ======
2025-01-06T12:09:29.735222+0300 DEBUG ====== Бот запускается ======
2025-01-06T12:09:38.368770+0300 DEBUG Тестовый лог - DEBUG
2025-01-06T12:09:38.395759+0300 INFO Тестовый лог - INFO
2025-01-06T12:09:38.395976+0300 WARNING Тестовый лог - WARNING
2025-01-06T12:09:38.396038+0300 ERROR Тестовый лог - ERROR
2025-01-06T12:15:35.856840+0300 DEBUG ====== Бот запускается ======
2025-01-06T12:15:45.596242+0300 DEBUG Тестовый лог - DEBUG
2025-01-06T12:15:45.598004+0300 INFO Тестовый лог - INFO
2025-01-06T12:15:45.598137+0300 WARNING Тестовый лог - WARNING
2025-01-06T12:15:45.598241+0300 ERROR Тестовый лог - ERROR
2025-01-06T12:16:01.914320+0300 DEBUG ====== Получено медиа-сообщение ======
2025-01-06T12:16:01.916265+0300 DEBUG Тип контента: photo
2025-01-06T12:18:21.064409+0300 DEBUG ====== Бот запускается ======
2025-01-06T12:23:05.739669+0300 DEBUG ====== Бот запускается ======
2025-01-06T12:23:19.534185+0300 DEBUG ====== Получено медиа-сообщение ======
2025-01-06T12:23:19.536570+0300 DEBUG Тип контента: photo
2025-01-06T12:48:50.953095+0300 DEBUG ====== Бот запускается ======
2025-01-06T12:49:46.403452+0300 DEBUG ====== Бот запускается ======
2025-01-06T12:54:52.406462+0300 DEBUG ====== Бот запускается ======
2025-01-06T13:00:53.352213+0300 DEBUG ====== Бот запускается ======
2025-01-06T13:01:16.856003+0300 DEBUG ====== Получено медиа-сообщение ======
2025-01-06T13:01:16.858902+0300 DEBUG Тип контента: photo
2025-01-06T14:43:07.340288+0300 DEBUG ====== Бот запускается ======
2025-01-06T14:50:34.273701+0300 DEBUG ====== Бот запускается ======
2025-01-06T15:00:00.960321+0300 DEBUG ====== Бот запускается ======
2025-01-06T15:00:10.654691+0300 DEBUG ====== Старт прилодения ======
2025-01-06T15:09:30.536792+0300 DEBUG ====== Бот запускается ======
2025-01-06T15:10:37.540281+0300 DEBUG ====== Бот запускается ======
2025-01-06T15:10:52.136565+0300 DEBUG ====== Старт прилодения ======
2025-01-06T15:14:22.547380+0300 DEBUG ====== Бот запускается ======
2025-01-06T15:14:24.584486+0300 DEBUG ====== Старт прилодения ======
2025-01-06T15:15:17.600317+0300 DEBUG ====== Бот запускается ======
2025-01-06T15:15:18.611631+0300 DEBUG ====== Старт прилодения ======
2025-01-06T15:15:49.648643+0300 DEBUG ====== Бот запускается ======
2025-01-06T15:15:53.177463+0300 DEBUG ====== Старт прилодения ======
2025-01-06T15:16:10.977061+0300 DEBUG ====== Бот запускается ======
2025-01-06T15:16:14.931857+0300 DEBUG ====== Старт прилодения ======
2025-01-06T15:17:03.479439+0300 DEBUG ====== Бот запускается ======
2025-01-06T15:17:17.209549+0300 DEBUG ====== Старт прилодения ======
2025-01-06T15:49:27.928581+0300 DEBUG ====== Бот запускается ======
2025-01-06T15:49:39.741386+0300 DEBUG ====== Старт прилодения ======
2025-01-06T16:00:38.989996+0300 DEBUG ====== Бот запускается ======
2025-01-06T16:00:47.392220+0300 DEBUG ====== Старт прилодения ======
2025-01-06T16:08:05.982978+0300 DEBUG ====== Бот запускается ======
2025-01-06T16:08:15.751698+0300 DEBUG ====== Старт прилодения ======
2025-01-06T16:10:58.073560+0300 DEBUG ====== Бот запускается ======
2025-01-06T16:11:03.157909+0300 DEBUG ====== Старт прилодения ======
2025-01-06T16:11:32.247158+0300 DEBUG ====== Бот запускается ======
2025-01-06T16:11:38.168229+0300 DEBUG ====== Старт прилодения ======
2025-01-06T16:12:22.944733+0300 DEBUG ====== Бот запускается ======
2025-01-06T16:12:26.521531+0300 DEBUG ====== Старт прилодения ======
2025-01-06T16:12:44.670923+0300 DEBUG ====== Бот запускается ======
2025-01-06T16:12:50.198518+0300 DEBUG ====== Старт прилодения ======
2025-01-06T16:13:28.959058+0300 DEBUG ====== Бот запускается ======
2025-01-06T16:13:33.705843+0300 DEBUG ====== Старт прилодения ======
2025-01-06T16:24:08.053276+0300 DEBUG ====== Бот запускается ======
2025-01-06T16:24:18.185413+0300 DEBUG ====== Старт прилодения ======
2025-01-06T16:25:56.379159+0300 DEBUG ====== Бот запускается ======
2025-01-06T16:26:08.396369+0300 DEBUG ====== Бот запускается ======
